<?xml version="1.0" encoding="UTF-8"?>
<!-- Generated by org.testng.reporters.JUnitReportReporter -->
<testsuite hostname="DESKTOP-05M6JRU" failures="0" tests="1" name="org.IntegratingDDT.Login" time="17.175" errors="0" timestamp="2025-02-15T06:14:17 IST" skipped="0">
  <testcase classname="org.IntegratingDDT.Login" name="login" time="17.175"/>
  <system-out/>
</testsuite> <!-- org.IntegratingDDT.Login -->
