<?xml version="1.0" encoding="UTF-8"?>
<!-- Generated by org.testng.reporters.JUnitReportReporter -->
<testsuite hostname="DESKTOP-05M6JRU" failures="0" tests="1" name="testcases.ElectronicsSelection" time="40.535" errors="0" timestamp="2025-02-16T22:19:31 IST" skipped="0">
  <testcase classname="testcases.ElectronicsSelection" name="electronics" time="40.535"/>
  <system-out/>
</testsuite> <!-- testcases.ElectronicsSelection -->
