<?xml version="1.0" encoding="UTF-8"?>
<!-- Generated by org.testng.reporters.JUnitReportReporter -->
<testsuite hostname="DESKTOP-05M6JRU" failures="0" tests="1" name="testcases.VerifyLogin" time="6.614" errors="0" timestamp="2025-02-16T01:31:03 IST" skipped="0">
  <testcase classname="testcases.VerifyLogin" name="verifyLogin" time="6.614"/>
  <system-out/>
</testsuite> <!-- testcases.VerifyLogin -->
