<?xml version="1.0" encoding="UTF-8"?>
<!-- Generated by org.testng.reporters.JUnitReportReporter -->
<testsuite hostname="DESKTOP-05M6JRU" failures="0" tests="1" name="testcases.BooksSelection" time="36.360" errors="0" timestamp="2025-02-16T21:16:13 IST" skipped="0">
  <testcase classname="testcases.BooksSelection" name="booksSelection" time="36.360"/>
  <system-out/>
</testsuite> <!-- testcases.BooksSelection -->
