<?xml version="1.0" encoding="UTF-8"?>
<!-- Generated by org.testng.reporters.JUnitReportReporter -->
<testsuite hostname="DESKTOP-05M6JRU" failures="0" tests="1" name="testcases.ComputerSelection" time="38.861" errors="0" timestamp="2025-02-16T21:40:57 IST" skipped="0">
  <testcase classname="testcases.ComputerSelection" name="computerSelection" time="38.861"/>
  <system-out/>
</testsuite> <!-- testcases.ComputerSelection -->
